2023-12-12 01:27:56|   0.0|  0.0|INFORM|Current FME version: FME 2023.2.0.0 (20231201 - Build 23764 - WIN64)
2023-12-12 01:27:56|   0.0|  0.0|INFORM|System Time: 20231212002757 UTC
2023-12-12 01:27:56|   0.0|  0.0|INFORM|FME_HOME is 'C:\Program Files\FME\'
2023-12-12 01:27:56|   0.0|  0.0|INFORM|FME for March (node locked-crc)
2023-12-12 01:27:56|   0.0|  0.0|INFORM|Serial Number: 0
2023-12-12 01:27:56|   0.0|  0.0|INFORM|Temporary License: 112 days left.
2023-12-12 01:27:56|   0.0|  0.0|INFORM|Machine host name is: DESKTOP-7IITCEM
2023-12-12 01:27:56|   0.0|  0.0|INFORM|OS Locale Name     : en_GB
2023-12-12 01:27:56|   0.0|  0.0|INFORM|OS Locale Encoding : windows-1252
2023-12-12 01:27:56|   0.0|  0.0|INFORM|Process Encoding   : UTF-8
2023-12-12 01:27:56|   0.0|  0.0|INFORM|FME API version: '4.0 20230426'
2023-12-12 01:27:56|   0.0|  0.0|INFORM|FME Configuration: FME_BASE is 'no'
2023-12-12 01:27:56|   0.0|  0.0|INFORM|FME Configuration: FME_MF_DIR is 'C:\Users\Piotr\Documents\FME\Workspaces/'
2023-12-12 01:27:56|   0.0|  0.0|INFORM|FME Configuration: FME_MF_NAME is 'ex3.fmw'
2023-12-12 01:27:56|   0.0|  0.0|INFORM|FME Configuration: FME_PRODUCT_NAME is 'FME(R) 2023.2.0.0'
2023-12-12 01:27:56|   0.0|  0.0|INFORM|Operating System: Microsoft Windows 10 64-bit  (Build 19045)
2023-12-12 01:27:56|   0.0|  0.0|INFORM|FME Platform: WIN64
2023-12-12 01:27:56|   0.0|  0.0|INFORM|System Status: 51.67 GB of disk space available in the FME temporary folder (C:\Users\Piotr\AppData\Local\Temp\wbrun_1702327565633_8332\fmetmp_16)
2023-12-12 01:27:56|   0.0|  0.0|INFORM|System Status: 8.00 GB of physical memory available
2023-12-12 01:27:56|   0.0|  0.0|INFORM|System Status: 32.00 GB of virtual memory available
2023-12-12 01:27:56|   0.0|  0.0|INFORM|START - ProcessID: 2368, peak process memory usage: 42084 kB, current process memory usage: 42084 kB
2023-12-12 01:27:56|   0.0|  0.0|INFORM|FME Configuration: Command line arguments are `C:\Program Files\FME\fme.exe' `C:\Users\Piotr\Documents\FME\Workspaces\wb-xlate-1702340874735_8332' `LOG_STANDARDOUT' `YES' `LOG_TIMINGS' `YES' `LogCountServerName' `50133' `LOG_STANDARDOUT' `No' `WORKBENCH_LOG_SERVER' `49772'
2023-12-12 01:27:56|   0.0|  0.0|INFORM|FME Configuration: Connection Storage: 'C:\Users\Piotr\AppData\Roaming\Safe Software\FME\'
2023-12-12 01:27:56|   0.0|  0.0|INFORM|Shared folders for formats are : C:\Program Files\FME\datasources;C:\Users\Piotr\Documents\FME\Formats
2023-12-12 01:27:56|   0.0|  0.0|INFORM|Shared folders for transformers are : C:\Users\Piotr\AppData\Roaming\Safe Software\FME\Packages\23764-win64\transformers;C:\Program Files\FME\transformers;C:\Users\Piotr\AppData\Roaming\Safe Software\FME\FME Store\Transformers
2023-12-12 01:27:56|   0.0|  0.0|INFORM|Shared folders for coordinate systems are : C:\Users\Piotr\Documents\FME\CoordinateSystems
2023-12-12 01:27:56|   0.0|  0.0|INFORM|Shared folders for coordinate system exceptions are : C:\Users\Piotr\Documents\FME\CoordinateSystemExceptions
2023-12-12 01:27:56|   0.0|  0.0|INFORM|Shared folders for coordinate system grid overrides are : C:\Users\Piotr\Documents\FME\CoordinateSystemGridOverrides
2023-12-12 01:27:56|   0.0|  0.0|INFORM|Shared folders for CS-MAP transformation exceptions are : C:\Users\Piotr\Documents\FME\CsmapTransformationExceptions
2023-12-12 01:27:56|   0.0|  0.0|INFORM|Shared folders for transformer categories are : C:\Users\Piotr\Documents\FME\TransformerCategories
2023-12-12 01:27:56|   0.0|  0.0|INFORM|FME Configuration: Reader Keyword is `MULTI_READER'
2023-12-12 01:27:56|   0.0|  0.0|INFORM|FME Configuration: Writer Keyword is `PRIMARY_DEST'
2023-12-12 01:27:56|   0.0|  0.0|INFORM|FME Configuration: Writer Group Definition Keyword is `PRIMARY_DEST_DEF'
2023-12-12 01:27:56|   0.0|  0.0|INFORM|FME Configuration: Reader type is `MULTI_READER'
2023-12-12 01:27:56|   0.0|  0.0|INFORM|FME Configuration: Writer type is `MULTI_WRITER'
2023-12-12 01:27:56|   0.0|  0.0|INFORM|FME Configuration: No destination coordinate system set
2023-12-12 01:27:56|   0.0|  0.0|INFORM|FME Configuration: Current working folder is `C:\Users\Piotr\Documents\FME\Workspaces'
2023-12-12 01:27:56|   0.0|  0.0|INFORM|FME Configuration: Temporary folder is `C:\Users\Piotr\AppData\Local\Temp\wbrun_1702327565633_8332\fmetmp_16', set from environment variable `FME_TEMP'
2023-12-12 01:27:56|   0.0|  0.0|INFORM|FME Configuration: Cache folder is 'C:\Users\Piotr\AppData\Local\Temp'
2023-12-12 01:27:56|   0.0|  0.0|INFORM|FME Configuration: FME_HOME is `C:\Program Files\FME\'
2023-12-12 01:27:56|   0.0|  0.0|INFORM|FME Configuration: Start freeing memory when the process exceeds 24.00 GB
2023-12-12 01:27:56|   0.0|  0.0|INFORM|FME Configuration: Stop freeing memory when the process is below 18.00 GB
2023-12-12 01:27:56|   0.0|  0.0|INFORM|Creating writer for format: 
2023-12-12 01:27:56|   0.0|  0.0|INFORM|Creating reader for format: 
2023-12-12 01:27:56|   0.0|  0.0|INFORM|MULTI_READER(MULTI_READER): Will fail with first member reader failure
2023-12-12 01:27:56|   0.0|  0.0|INFORM|Using Multi Reader with keyword `MULTI_READER' to read multiple datasets
2023-12-12 01:27:56|   0.0|  0.0|INFORM|Using MultiWriter with keyword `PRIMARY_DEST' to output data (ID_ATTRIBUTE is `multi_writer_id')
2023-12-12 01:27:56|   0.0|  0.0|INFORM|Writer output will be ordered by value of multi_writer_id
2023-12-12 01:27:56|   0.0|  0.0|INFORM|Loaded module 'LogCount_func' from file 'C:\Program Files\FME\plugins/LogCount_func.dll'
2023-12-12 01:27:56|   0.0|  0.0|INFORM|FME API version of module 'LogCount_func' matches current internal version (4.0 20230426)
2023-12-12 01:27:56|   0.0|  0.0|INFORM|Emptying factory pipeline
2023-12-12 01:27:56|   0.0|  0.0|STATS |Router and Unexpected Input Remover (RoutingFactory): Tested 0 input feature(s), wrote 0 output feature(s): 0 matched merge filters, 0 were routed to output, 0 could not be routed.
2023-12-12 01:27:56|   0.0|  0.0|STATS |Unwanted Router Input Nuker (TeeFactory): Cloned 0 input feature(s) into 0 output feature(s)
2023-12-12 01:27:56|   0.0|  0.0|STATS |TIFF_TIFF_1 Splitter (TeeFactory): Cloned 0 input feature(s) into 0 output feature(s)
2023-12-12 01:27:56|   0.0|  0.0|STATS |scotland_and_wales_region_SHAPEFILE_1 Splitter (TeeFactory): Cloned 0 input feature(s) into 0 output feature(s)
2023-12-12 01:27:56|   0.0|  0.0|STATS |Restoring 4 feature(s) from FME feature store file `C:\Users\Piotr\AppData\Local\Temp\wb-cache--znIerW\Main_RasterPropertyExtractor -1 18 fo 0 OUTPUT  0  1e484cf867bd7109bbbac41420aff5dc089aeb9b.ffs'
2023-12-12 01:27:56|   0.0|  0.0|INFORM|FME Configuration: Using connection values from 'local_postgres' for POSTGIS_1
2023-12-12 01:27:56|   0.0|  0.0|INFORM|Creating writer for format: PostGIS
2023-12-12 01:27:56|   0.1|  0.1|INFORM|Trying to find a DYNAMIC plugin for writer named `POSTGIS'
2023-12-12 01:27:56|   0.1|  0.0|INFORM|Loaded module 'POSTGIS' from file 'C:\Program Files\FME\plugins/POSTGIS.dll'
2023-12-12 01:27:56|   0.1|  0.0|INFORM|FME API version of module 'POSTGIS' matches current internal version (4.0 20230426)
2023-12-12 01:27:56|   0.1|  0.0|INFORM|FME Configuration: No destination coordinate system set
2023-12-12 01:27:56|   0.1|  0.0|INFORM|Writer `POSTGIS_1' of type `POSTGIS' using group definition keyword `POSTGIS_1_DEF'
2023-12-12 01:27:56|   0.1|  0.0|INFORM|Opening POSTGIS writer for dataset 'postgres'...
2023-12-12 01:27:56|   0.1|  0.0|INFORM|PostGIS client encoding: 'UTF8'
2023-12-12 01:27:57|   0.1|  0.0|INFORM|PostgreSQL 16.1, compiled by Visual C++ build 1937, 64-bit
2023-12-12 01:27:57|   0.1|  0.0|INFORM|3.4 USE_GEOS=1 USE_PROJ=1 USE_STATS=1
2023-12-12 01:27:57|   0.1|  0.0|INFORM|Testing for the existence of table 'public.Exports'...
2023-12-12 01:27:57|   0.1|  0.0|INFORM|Creating table 'public.Exports'...
2023-12-12 01:27:57|   0.3|  0.2|INFORM|POSTGIS Writer: Creating 'unquoted WKB' geometry processor for feature type 'Exports'
2023-12-12 01:27:57|   0.3|  0.0|INFORM|POSTGIS Writer: Creating 'streaming Bulk Copy' feature type processor for feature type 'Exports'
2023-12-12 01:27:57|   0.3|  0.0|STATS |Destination Feature Type Routing Correlator (RoutingFactory): Tested 4 input feature(s), wrote 4 output feature(s): 0 matched merge filters, 4 were routed to output, 0 could not be routed.
2023-12-12 01:27:57|   0.3|  0.0|STATS |Final Output Nuker (TeeFactory): Cloned 0 input feature(s) into 0 output feature(s)
2023-12-12 01:27:57|   0.3|  0.0|INFORM|Creating 'GIST' index on column "geom" of table 'public.Exports'...
2023-12-12 01:27:57|   0.3|  0.0|INFORM|Successfully closed POSTGIS database writer
2023-12-12 01:27:57|   0.3|  0.0|INFORM|=-=-=-=-=-=-=-=-=-=-=-=-=-=-=-=-=-=-=-=-=-=-=-=-=-=-=-=-=-=-=-=-=-=-=-=-=-=-=-
2023-12-12 01:27:57|   0.3|  0.0|INFORM|Feature output statistics for `POSTGIS' writer using keyword `POSTGIS_1':
2023-12-12 01:27:57|   0.3|  0.0|STATS |=-=-=-=-=-=-=-=-=-=-=-=-=-=-=-=-=-=-=-=-=-=-=-=-=-=-=-=-=-=-=-=-=-=-=-=-=-=-=-
2023-12-12 01:27:57|   0.3|  0.0|STATS |                               Features Written
2023-12-12 01:27:57|   0.3|  0.0|STATS |=-=-=-=-=-=-=-=-=-=-=-=-=-=-=-=-=-=-=-=-=-=-=-=-=-=-=-=-=-=-=-=-=-=-=-=-=-=-=-
2023-12-12 01:27:57|   0.3|  0.0|STATS |Exports                                                                      4
2023-12-12 01:27:57|   0.3|  0.0|STATS |==============================================================================
2023-12-12 01:27:57|   0.3|  0.0|STATS |Total Features Written                                                       4
2023-12-12 01:27:57|   0.3|  0.0|STATS |=-=-=-=-=-=-=-=-=-=-=-=-=-=-=-=-=-=-=-=-=-=-=-=-=-=-=-=-=-=-=-=-=-=-=-=-=-=-=-
2023-12-12 01:27:57|   0.3|  0.0|STATS |=-=-=-=-=-=-=-=-=-=-=-=-=-=-=-=-=-=-=-=-=-=-=-=-=-=-=-=-=-=-=-=-=-=-=-=-=-=-=-
2023-12-12 01:27:57|   0.3|  0.0|STATS |                            Features Read Summary
2023-12-12 01:27:57|   0.3|  0.0|STATS |=-=-=-=-=-=-=-=-=-=-=-=-=-=-=-=-=-=-=-=-=-=-=-=-=-=-=-=-=-=-=-=-=-=-=-=-=-=-=-
2023-12-12 01:27:57|   0.3|  0.0|STATS |==============================================================================
2023-12-12 01:27:57|   0.3|  0.0|STATS |Total Features Read                                                          0
2023-12-12 01:27:57|   0.3|  0.0|STATS |=-=-=-=-=-=-=-=-=-=-=-=-=-=-=-=-=-=-=-=-=-=-=-=-=-=-=-=-=-=-=-=-=-=-=-=-=-=-=-
2023-12-12 01:27:57|   0.3|  0.0|STATS |=-=-=-=-=-=-=-=-=-=-=-=-=-=-=-=-=-=-=-=-=-=-=-=-=-=-=-=-=-=-=-=-=-=-=-=-=-=-=-
2023-12-12 01:27:57|   0.3|  0.0|STATS |                           Features Written Summary
2023-12-12 01:27:57|   0.3|  0.0|STATS |=-=-=-=-=-=-=-=-=-=-=-=-=-=-=-=-=-=-=-=-=-=-=-=-=-=-=-=-=-=-=-=-=-=-=-=-=-=-=-
2023-12-12 01:27:57|   0.3|  0.0|STATS |Exports                                                                      4
2023-12-12 01:27:57|   0.3|  0.0|STATS |==============================================================================
2023-12-12 01:27:57|   0.3|  0.0|STATS |Total Features Written                                                       4
2023-12-12 01:27:57|   0.3|  0.0|STATS |=-=-=-=-=-=-=-=-=-=-=-=-=-=-=-=-=-=-=-=-=-=-=-=-=-=-=-=-=-=-=-=-=-=-=-=-=-=-=-
2023-12-12 01:27:57|   0.3|  0.0|WARN  |-~-~-~-~-~-~-~-~-~-~-~-~-~-~-~-~-~-~-~-~-~-~-~-~-~-~-~-~-~-~-~-~-~-~-~-~-~-~-~-~-
2023-12-12 01:27:57|   0.3|  0.0|WARN  |-~                                                                             ~-
2023-12-12 01:27:57|   0.3|  0.0|WARN  |-~    Feature caches have been recorded at every stage of the translation.     ~-
2023-12-12 01:27:57|   0.3|  0.0|WARN  |-~                      To inspect the recorded features,                      ~-
2023-12-12 01:27:57|   0.3|  0.0|WARN  |-~              click the feature cache icons next to the ports.               ~-
2023-12-12 01:27:57|   0.3|  0.0|WARN  |-~                                                                             ~-
2023-12-12 01:27:57|   0.3|  0.0|WARN  |-~-~-~-~-~-~-~-~-~-~-~-~-~-~-~-~-~-~-~-~-~-~-~-~-~-~-~-~-~-~-~-~-~-~-~-~-~-~-~-~-
2023-12-12 01:27:57|   0.3|  0.0|INFORM|Translation was SUCCESSFUL with 7 warning(s) (4 feature(s) output)
2023-12-12 01:27:57|   0.3|  0.0|INFORM|FME Session Duration: 0.5 seconds. (CPU: 0.3s user, 0.0s system)
2023-12-12 01:27:57|   0.3|  0.0|INFORM|END - ProcessID: 2368, peak process memory usage: 92712 kB, current process memory usage: 92652 kB
